<?xml version="1.0" encoding="UTF-8"?>
<!-- Generated by org.testng.reporters.JUnitReportReporter -->
<testsuite hostname="BINGPEI-WIN7" name="com.easytesting.lucene.testing.SimpleSearchEngineTest" tests="1" failures="0" timestamp="7 Sep 2016 11:31:36 GMT" time="4.084" errors="0">
  <testcase name="testSearch" time="4.084" classname="com.easytesting.lucene.testing.SimpleSearchEngineTest"/>
</testsuite> <!-- com.easytesting.lucene.testing.SimpleSearchEngineTest -->
