<?xml version="1.0" encoding="UTF-8"?>
<!-- Generated by org.testng.reporters.JUnitReportReporter -->
<testsuite hostname="BINGPEI-WIN7" name="com.easytesting.lucene.testing.SimpleSearchEngineTest" tests="1" failures="0" timestamp="7 Sep 2016 08:06:30 GMT" time="6.157" errors="0">
  <testcase name="testSearch" time="6.157" classname="com.easytesting.lucene.testing.SimpleSearchEngineTest"/>
</testsuite> <!-- com.easytesting.lucene.testing.SimpleSearchEngineTest -->
