<?xml version="1.0" encoding="UTF-8"?>
<!-- Generated by org.testng.reporters.JUnitReportReporter -->
<testsuite hostname="BINGPEI-WIN7" name="com.easytesting.lucene.testing.SimpleSearchEngineTest" tests="1" failures="0" timestamp="12 Sep 2016 05:37:48 GMT" time="0.893" errors="0">
  <testcase name="testSearch" time="0.893" classname="com.easytesting.lucene.testing.SimpleSearchEngineTest"/>
</testsuite> <!-- com.easytesting.lucene.testing.SimpleSearchEngineTest -->
