<?xml version="1.0" encoding="UTF-8"?>
<!-- Generated by org.testng.reporters.JUnitReportReporter -->
<testsuite hostname="BINGPEI-WIN7" name="com.easytesting.selenium.testing.Login" tests="1" failures="0" timestamp="2 Sep 2016 13:08:35 GMT" time="9.153" errors="0">
  <testcase name="testT" time="9.153" classname="com.easytesting.selenium.testing.Login"/>
</testsuite> <!-- com.easytesting.selenium.testing.Login -->
