<?xml version="1.0" encoding="UTF-8"?>
<!-- Generated by org.testng.reporters.JUnitReportReporter -->
<testsuite hostname="BINGPEI-WIN7" name="com.easytesting.http.testing.EasyHttpClientTest" tests="5" failures="0" timestamp="5 Sep 2016 02:59:13 GMT" time="10.778" errors="0">
  <testcase name="testProxyGet" time="1.993" classname="com.easytesting.http.testing.EasyHttpClientTest"/>
  <testcase name="testHeaderGet" time="2.815" classname="com.easytesting.http.testing.EasyHttpClientTest"/>
  <testcase name="testSimpleGet" time="3.271" classname="com.easytesting.http.testing.EasyHttpClientTest"/>
  <testcase name="testDownload" time="2.132" classname="com.easytesting.http.testing.EasyHttpClientTest"/>
  <testcase name="testhttpsGet" time="0.567" classname="com.easytesting.http.testing.EasyHttpClientTest"/>
</testsuite> <!-- com.easytesting.http.testing.EasyHttpClientTest -->
